<?xml version="1.0" encoding="UTF-8"?>
<testng-results skipped="0" failed="0" total="1" passed="1">
  <reporter-output>
  </reporter-output>
  <suite name="Suite" duration-ms="139853" started-at="2020-01-09T12:41:35Z" finished-at="2020-01-09T12:43:55Z">
    <groups>
    </groups>
    <test name="Test" duration-ms="139853" started-at="2020-01-09T12:41:35Z" finished-at="2020-01-09T12:43:55Z">
      <class name="DriverFactory.AppTest">
        <test-method status="PASS" signature="startTest()[pri:0, instance:DriverFactory.AppTest@591f989e]" name="startTest" duration-ms="139830" started-at="2020-01-09T18:11:35Z" finished-at="2020-01-09T18:13:55Z">
          <reporter-output>
          </reporter-output>
        </test-method> <!-- startTest -->
      </class> <!-- DriverFactory.AppTest -->
    </test> <!-- Test -->
  </suite> <!-- Suite -->
</testng-results>
